2022-07-02 09:54:34,790 INFO o.a.j.u.JMeterUtils: Setting Locale to en_IN
2022-07-02 09:54:35,961 INFO o.a.j.JMeter: Loading user properties from: user.properties
2022-07-02 09:54:35,978 INFO o.a.j.JMeter: Loading system properties from: system.properties
2022-07-02 09:54:35,989 INFO o.a.j.JMeter: Copyright (c) 1998-2019 The Apache Software Foundation
2022-07-02 09:54:35,989 INFO o.a.j.JMeter: Version 5.2
2022-07-02 09:54:35,989 INFO o.a.j.JMeter: java.version=1.8.0_151
2022-07-02 09:54:35,989 INFO o.a.j.JMeter: java.vm.name=Java HotSpot(TM) 64-Bit Server VM
2022-07-02 09:54:35,989 INFO o.a.j.JMeter: os.name=Windows 10
2022-07-02 09:54:35,989 INFO o.a.j.JMeter: os.arch=amd64
2022-07-02 09:54:35,989 INFO o.a.j.JMeter: os.version=10.0
2022-07-02 09:54:35,989 INFO o.a.j.JMeter: file.encoding=Cp1252
2022-07-02 09:54:35,989 INFO o.a.j.JMeter: java.awt.headless=null
2022-07-02 09:54:35,991 INFO o.a.j.JMeter: Max memory     =1827143680
2022-07-02 09:54:35,991 INFO o.a.j.JMeter: Available Processors =8
2022-07-02 09:54:36,057 INFO o.a.j.JMeter: Default Locale=English (India)
2022-07-02 09:54:36,058 INFO o.a.j.JMeter: JMeter  Locale=English (India)
2022-07-02 09:54:36,058 INFO o.a.j.JMeter: JMeterHome=E:\APT_Testing\Software\apache-jmeter-5.2\apache-jmeter-5.2
2022-07-02 09:54:36,059 INFO o.a.j.JMeter: user.dir  =E:\APT_Testing\Software\apache-jmeter-5.2\apache-jmeter-5.2\bin
2022-07-02 09:54:36,059 INFO o.a.j.JMeter: PWD       =E:\APT_Testing\Software\apache-jmeter-5.2\apache-jmeter-5.2\bin
2022-07-02 09:54:36,084 INFO o.a.j.JMeter: IP: 192.168.1.5 Name: LAPTOP-SAR4BAVN FullName: LAPTOP-SAR4BAVN
2022-07-02 09:54:37,525 INFO o.a.j.g.a.LookAndFeelCommand: Installing Darcula LAF
2022-07-02 09:54:37,651 INFO o.a.j.g.a.LookAndFeelCommand: Using look and feel: javax.swing.plaf.metal.MetalLookAndFeel [Darcula]
2022-07-02 09:54:37,651 INFO o.a.j.JMeter: Setting LAF to: javax.swing.plaf.metal.MetalLookAndFeel
2022-07-02 09:54:37,674 INFO o.a.j.JMeter: Loaded icon properties from org/apache/jmeter/images/icon.properties
2022-07-02 09:54:44,453 INFO o.j.r.JARSourceHTTP: Requesting https://jmeter-plugins.org/repo/?installID=windows_10-e61dca4a0300660d8af5d326a4f75bb6-gui
2022-07-02 09:54:48,096 INFO o.a.j.p.h.s.HTTPSamplerBase: Parser for text/html is org.apache.jmeter.protocol.http.parser.LagartoBasedHtmlParser
2022-07-02 09:54:48,107 INFO o.a.j.p.h.s.HTTPSamplerBase: Parser for application/xhtml+xml is org.apache.jmeter.protocol.http.parser.LagartoBasedHtmlParser
2022-07-02 09:54:48,107 INFO o.a.j.p.h.s.HTTPSamplerBase: Parser for application/xml is org.apache.jmeter.protocol.http.parser.LagartoBasedHtmlParser
2022-07-02 09:54:48,107 INFO o.a.j.p.h.s.HTTPSamplerBase: Parser for text/xml is org.apache.jmeter.protocol.http.parser.LagartoBasedHtmlParser
2022-07-02 09:54:48,107 INFO o.a.j.p.h.s.HTTPSamplerBase: Parser for text/vnd.wap.wml is org.apache.jmeter.protocol.http.parser.RegexpHTMLParser
2022-07-02 09:54:48,107 INFO o.a.j.p.h.s.HTTPSamplerBase: Parser for text/css is org.apache.jmeter.protocol.http.parser.CssParser
2022-07-02 09:54:49,854 INFO o.a.j.e.KeyToolUtils: keytool found at 'keytool'
2022-07-02 09:54:49,861 INFO o.a.j.p.h.p.ProxyControl: HTTP(S) Test Script Recorder SSL Proxy will use keys that support embedded 3rd party resources in file E:\APT_Testing\Software\apache-jmeter-5.2\apache-jmeter-5.2\bin\proxyserver.jks
2022-07-02 09:54:50,105 INFO o.j.r.PluginManager: Plugins Status: [jpgc-casutg=2.9, jpgc-dummy=0.4, jpgc-json=2.7, jpgc-perfmon=2.1, jpgc-plugins-manager=1.3, jmeter-core=5.2, jmeter-ftp=5.2, jmeter-http=5.2, jmeter-jdbc=5.2, jmeter-jms=5.2, jmeter-junit=5.2, jmeter-java=5.2, jmeter-ldap=5.2, jmeter-mail=5.2, jmeter-mongodb=5.2, jmeter-native=5.2, jmeter-tcp=5.2, jmeter-components=5.2]
2022-07-02 09:54:50,114 INFO o.j.r.PluginManagerMenuItem: Plugins Manager has upgrades: [jpgc-casutg, jpgc-plugins-manager]
2022-07-02 09:54:50,374 INFO o.a.j.s.FileServer: Default base='E:\APT_Testing\Software\apache-jmeter-5.2\apache-jmeter-5.2\bin'
2022-07-02 09:54:52,885 INFO o.a.j.s.SampleResult: Note: Sample TimeStamps are START times
2022-07-02 09:54:52,885 INFO o.a.j.s.SampleResult: sampleresult.default.encoding is set to ISO-8859-1
2022-07-02 09:54:52,885 INFO o.a.j.s.SampleResult: sampleresult.useNanoTime=true
2022-07-02 09:54:52,885 INFO o.a.j.s.SampleResult: sampleresult.nanoThreadSleep=5000
2022-07-02 09:56:49,837 INFO o.a.j.g.a.Load: Loading file: E:\APT_Testing\Software\apache-jmeter-5.2\apache-jmeter-5.2\Scripts\API\Thread Group.jmx
2022-07-02 09:56:49,837 INFO o.a.j.s.FileServer: Set new base='E:\APT_Testing\Software\apache-jmeter-5.2\apache-jmeter-5.2\Scripts\API'
2022-07-02 09:56:49,960 INFO o.a.j.s.SaveService: Testplan (JMX) version: 2.2. Testlog (JTL) version: 2.2
2022-07-02 09:56:49,969 INFO o.a.j.s.SaveService: Using SaveService properties file encoding UTF-8
2022-07-02 09:56:49,970 INFO o.a.j.s.SaveService: Using SaveService properties version 5.0
2022-07-02 09:56:49,974 INFO o.a.j.s.SaveService: Loading file: E:\APT_Testing\Software\apache-jmeter-5.2\apache-jmeter-5.2\Scripts\API\Thread Group.jmx
2022-07-02 09:56:50,192 INFO o.a.j.s.FileServer: Set new base='E:\APT_Testing\Software\apache-jmeter-5.2\apache-jmeter-5.2\Scripts\API'
2022-07-02 09:57:50,464 INFO o.a.j.u.JMeterUtils: Applying HiDPI scale: 1.1
2022-07-02 09:57:54,140 INFO o.a.j.u.JMeterUtils: Applying HiDPI scale: 1.1
2022-07-02 09:57:57,435 INFO o.a.j.u.JMeterUtils: Applying HiDPI scale: 1.1
2022-07-02 09:58:34,220 INFO o.a.j.e.StandardJMeterEngine: Running the test!
2022-07-02 09:58:34,220 INFO o.a.j.s.SampleEvent: List of sample_variables: []
2022-07-02 09:58:34,220 INFO o.a.j.s.SampleEvent: List of sample_variables: []
2022-07-02 09:58:34,236 INFO o.a.j.e.u.CompoundVariable: Note: Function class names must contain the string: '.functions.'
2022-07-02 09:58:34,236 INFO o.a.j.e.u.CompoundVariable: Note: Function class names must not contain the string: '.gui.'
2022-07-02 09:58:34,486 INFO o.a.j.g.u.JMeterMenuBar: setRunning(true, *local*)
2022-07-02 09:58:34,605 INFO o.a.j.e.StandardJMeterEngine: Starting ThreadGroup: 1 : Thread Group
2022-07-02 09:58:34,605 INFO o.a.j.e.StandardJMeterEngine: Starting 1 threads for group Thread Group.
2022-07-02 09:58:34,605 INFO o.a.j.e.StandardJMeterEngine: Thread will continue on error
2022-07-02 09:58:34,605 INFO o.a.j.t.ThreadGroup: Starting thread group... number=1 threads=1 ramp-up=1 delayedStart=false
2022-07-02 09:58:34,621 INFO o.a.j.t.ThreadGroup: Started thread group number 1
2022-07-02 09:58:34,621 INFO o.a.j.e.StandardJMeterEngine: Starting ThreadGroup: 2 : Thread Group
2022-07-02 09:58:34,621 INFO o.a.j.e.StandardJMeterEngine: Starting 1 threads for group Thread Group.
2022-07-02 09:58:34,621 INFO o.a.j.e.StandardJMeterEngine: Thread will continue on error
2022-07-02 09:58:34,621 INFO o.a.j.t.ThreadGroup: Starting thread group... number=2 threads=1 ramp-up=1 delayedStart=false
2022-07-02 09:58:34,621 INFO o.a.j.t.ThreadGroup: Started thread group number 2
2022-07-02 09:58:34,621 INFO o.a.j.e.StandardJMeterEngine: All thread groups have been started
2022-07-02 09:58:34,621 INFO o.a.j.t.JMeterThread: Thread started: Thread Group 2-1
2022-07-02 09:58:34,621 INFO o.a.j.t.JMeterThread: Thread started: Thread Group 1-1
2022-07-02 09:58:34,621 INFO o.a.j.s.FileServer: Stored: E:/APT_Testing/Software/apache-jmeter-5.2/apache-jmeter-5.2/Scripts/API/employeedata.csv
2022-07-02 09:58:34,636 INFO o.a.j.p.h.s.HTTPHCAbstractImpl: Local host = LAPTOP-SAR4BAVN
2022-07-02 09:58:34,636 INFO o.a.j.p.h.s.HTTPHC4Impl: HTTP request retry count = 0
2022-07-02 09:58:34,707 INFO o.a.j.t.JMeterThread: Thread is done: Thread Group 2-1
2022-07-02 09:58:34,707 INFO o.a.j.t.JMeterThread: Thread finished: Thread Group 2-1
2022-07-02 09:58:35,016 INFO o.a.j.t.JMeterThread: Thread is done: Thread Group 1-1
2022-07-02 09:58:35,016 INFO o.a.j.t.JMeterThread: Thread finished: Thread Group 1-1
2022-07-02 09:58:35,020 INFO o.a.j.e.StandardJMeterEngine: Notifying test listeners of end of test
2022-07-02 09:58:35,020 INFO o.a.j.s.FileServer: Close: E:/APT_Testing/Software/apache-jmeter-5.2/apache-jmeter-5.2/Scripts/API/employeedata.csv
2022-07-02 09:58:35,020 INFO o.a.j.g.u.JMeterMenuBar: setRunning(false, *local*)
2022-07-02 10:12:11,193 INFO o.a.j.e.StandardJMeterEngine: Running the test!
2022-07-02 10:12:11,193 INFO o.a.j.s.SampleEvent: List of sample_variables: []
2022-07-02 10:12:11,195 INFO o.a.j.g.u.JMeterMenuBar: setRunning(true, *local*)
2022-07-02 10:12:11,394 INFO o.a.j.e.StandardJMeterEngine: Starting ThreadGroup: 1 : Thread Group
2022-07-02 10:12:11,394 INFO o.a.j.e.StandardJMeterEngine: Starting 1 threads for group Thread Group.
2022-07-02 10:12:11,394 INFO o.a.j.e.StandardJMeterEngine: Thread will continue on error
2022-07-02 10:12:11,394 INFO o.a.j.t.ThreadGroup: Starting thread group... number=1 threads=1 ramp-up=1 delayedStart=false
2022-07-02 10:12:11,394 INFO o.a.j.t.ThreadGroup: Started thread group number 1
2022-07-02 10:12:11,394 INFO o.a.j.e.StandardJMeterEngine: All thread groups have been started
2022-07-02 10:12:11,395 INFO o.a.j.t.JMeterThread: Thread started: Thread Group 1-1
2022-07-02 10:12:11,395 INFO o.a.j.s.FileServer: Stored: E:/APT_Testing/Software/apache-jmeter-5.2/apache-jmeter-5.2/Scripts/API/employeedata.csv
2022-07-02 10:12:11,409 INFO o.a.j.t.JMeterThread: Thread is done: Thread Group 1-1
2022-07-02 10:12:11,409 INFO o.a.j.t.JMeterThread: Thread finished: Thread Group 1-1
2022-07-02 10:12:11,409 INFO o.a.j.e.StandardJMeterEngine: Notifying test listeners of end of test
2022-07-02 10:12:11,409 INFO o.a.j.s.FileServer: Close: E:/APT_Testing/Software/apache-jmeter-5.2/apache-jmeter-5.2/Scripts/API/employeedata.csv
2022-07-02 10:12:11,410 INFO o.a.j.g.u.JMeterMenuBar: setRunning(false, *local*)
2022-07-02 10:14:19,700 INFO o.a.j.e.StandardJMeterEngine: Running the test!
2022-07-02 10:14:19,700 INFO o.a.j.s.SampleEvent: List of sample_variables: []
2022-07-02 10:14:19,700 INFO o.a.j.g.u.JMeterMenuBar: setRunning(true, *local*)
2022-07-02 10:14:19,803 INFO o.a.j.e.StandardJMeterEngine: Starting ThreadGroup: 1 : Thread Group
2022-07-02 10:14:19,803 INFO o.a.j.e.StandardJMeterEngine: Starting 1 threads for group Thread Group.
2022-07-02 10:14:19,803 INFO o.a.j.e.StandardJMeterEngine: Thread will continue on error
2022-07-02 10:14:19,803 INFO o.a.j.t.ThreadGroup: Starting thread group... number=1 threads=1 ramp-up=1 delayedStart=false
2022-07-02 10:14:19,804 INFO o.a.j.t.ThreadGroup: Started thread group number 1
2022-07-02 10:14:19,804 INFO o.a.j.e.StandardJMeterEngine: All thread groups have been started
2022-07-02 10:14:19,804 INFO o.a.j.t.JMeterThread: Thread started: Thread Group 1-1
2022-07-02 10:14:19,804 INFO o.a.j.s.FileServer: Stored: E:/APT_Testing/Software/apache-jmeter-5.2/apache-jmeter-5.2/Scripts/API/employeedata.csv
2022-07-02 10:14:19,877 INFO o.a.j.t.JMeterThread: Stop Thread seen for thread Thread Group 1-1, reason: org.apache.jorphan.util.JMeterStopThreadException: End of file:E:/APT_Testing/Software/apache-jmeter-5.2/apache-jmeter-5.2/Scripts/API/employeedata.csv detected for CSV DataSet:CSV Data Set Config configured with stopThread:true, recycle:false
2022-07-02 10:14:19,877 INFO o.a.j.t.JMeterThread: Thread finished: Thread Group 1-1
2022-07-02 10:14:19,877 INFO o.a.j.e.StandardJMeterEngine: Notifying test listeners of end of test
2022-07-02 10:14:19,877 INFO o.a.j.s.FileServer: Close: E:/APT_Testing/Software/apache-jmeter-5.2/apache-jmeter-5.2/Scripts/API/employeedata.csv
2022-07-02 10:14:19,877 INFO o.a.j.g.u.JMeterMenuBar: setRunning(false, *local*)
