"NanoOffset" Id=32 TIMED_WAITING
	at java.lang.Thread.sleep(Native Method)
	at java.lang.Thread.sleep(Thread.java:340)
	at java.util.concurrent.TimeUnit.sleep(TimeUnit.java:386)
	at org.apache.jmeter.samplers.SampleResult$NanoOffset.getOffset(SampleResult.java:1511)
	at org.apache.jmeter.samplers.SampleResult$NanoOffset.run(SampleResult.java:1505)

"Swing-Shell" Id=29 WAITING on java.util.concurrent.locks.AbstractQueuedSynchronizer$ConditionObject@704b2945
	at sun.misc.Unsafe.park(Native Method)
	-  waiting on java.util.concurrent.locks.AbstractQueuedSynchronizer$ConditionObject@704b2945
	at java.util.concurrent.locks.LockSupport.park(LockSupport.java:175)
	at java.util.concurrent.locks.AbstractQueuedSynchronizer$ConditionObject.await(AbstractQueuedSynchronizer.java:2039)
	at java.util.concurrent.LinkedBlockingQueue.take(LinkedBlockingQueue.java:442)
	at java.util.concurrent.ThreadPoolExecutor.getTask(ThreadPoolExecutor.java:1074)
	at java.util.concurrent.ThreadPoolExecutor.runWorker(ThreadPoolExecutor.java:1134)
	at java.util.concurrent.ThreadPoolExecutor$Worker.run(ThreadPoolExecutor.java:624)
	at sun.awt.shell.Win32ShellFolderManager2$ComInvoker$3.run(Win32ShellFolderManager2.java:556)
	...

"DestroyJavaVM" Id=26 RUNNABLE

"TimerQueue" Id=25 TIMED_WAITING on java.util.concurrent.locks.AbstractQueuedSynchronizer$ConditionObject@543d7a4c
	at sun.misc.Unsafe.park(Native Method)
	-  waiting on java.util.concurrent.locks.AbstractQueuedSynchronizer$ConditionObject@543d7a4c
	at java.util.concurrent.locks.LockSupport.parkNanos(LockSupport.java:215)
	at java.util.concurrent.locks.AbstractQueuedSynchronizer$ConditionObject.awaitNanos(AbstractQueuedSynchronizer.java:2078)
	at java.util.concurrent.DelayQueue.take(DelayQueue.java:223)
	at javax.swing.TimerQueue.run(TimerQueue.java:174)
	at java.lang.Thread.run(Thread.java:748)

	Number of locked synchronizers = 1
	- java.util.concurrent.locks.ReentrantLock$NonfairSync@499fcd7

"AWT-EventQueue-0" Id=19 RUNNABLE
	at sun.management.ThreadImpl.dumpThreads0(Native Method)
	at sun.management.ThreadImpl.dumpAllThreads(ThreadImpl.java:454)
	at org.apache.jorphan.util.ThreadDumper.writeThreadDump(ThreadDumper.java:78)
	at org.apache.jorphan.util.ThreadDumper.threadDump(ThreadDumper.java:66)
	at org.apache.jorphan.util.ThreadDumper.threadDump(ThreadDumper.java:50)
	at org.apache.jmeter.gui.action.What.doAction(What.java:91)
	at org.apache.jmeter.gui.action.ActionRouter.performAction(ActionRouter.java:88)
	at org.apache.jmeter.gui.action.ActionRouter.lambda$actionPerformed$0(ActionRouter.java:70)
	...

"AWT-Windows" Id=15 RUNNABLE
	at sun.awt.windows.WToolkit.eventLoop(Native Method)
	at sun.awt.windows.WToolkit.run(WToolkit.java:315)
	at java.lang.Thread.run(Thread.java:748)

"AWT-Shutdown" Id=14 WAITING on java.lang.Object@770ab0fc
	at java.lang.Object.wait(Native Method)
	-  waiting on java.lang.Object@770ab0fc
	at java.lang.Object.wait(Object.java:502)
	at sun.awt.AWTAutoShutdown.run(AWTAutoShutdown.java:295)
	at java.lang.Thread.run(Thread.java:748)

"Java2D Disposer" Id=13 WAITING on java.lang.ref.ReferenceQueue$Lock@5ea2be59
	at java.lang.Object.wait(Native Method)
	-  waiting on java.lang.ref.ReferenceQueue$Lock@5ea2be59
	at java.lang.ref.ReferenceQueue.remove(ReferenceQueue.java:144)
	at java.lang.ref.ReferenceQueue.remove(ReferenceQueue.java:165)
	at sun.java2d.Disposer.run(Disposer.java:148)
	at java.lang.Thread.run(Thread.java:748)

"Attach Listener" Id=6 RUNNABLE

"Signal Dispatcher" Id=5 RUNNABLE

"Finalizer" Id=3 WAITING on java.lang.ref.ReferenceQueue$Lock@15969e1e
	at java.lang.Object.wait(Native Method)
	-  waiting on java.lang.ref.ReferenceQueue$Lock@15969e1e
	at java.lang.ref.ReferenceQueue.remove(ReferenceQueue.java:144)
	at java.lang.ref.ReferenceQueue.remove(ReferenceQueue.java:165)
	at java.lang.ref.Finalizer$FinalizerThread.run(Finalizer.java:216)

"Reference Handler" Id=2 WAITING on java.lang.ref.Reference$Lock@2ac679fa
	at java.lang.Object.wait(Native Method)
	-  waiting on java.lang.ref.Reference$Lock@2ac679fa
	at java.lang.Object.wait(Object.java:502)
	at java.lang.ref.Reference.tryHandlePending(Reference.java:191)
	at java.lang.ref.Reference$ReferenceHandler.run(Reference.java:153)

